Build started 4/28/2014 9:37:55 PM.
     1>Project "C:\Users\Alexander\Google Drive\341\FinalProject_Part2\parallelNoThrust\parallelNoThrust\parallelNoThrust.vcxproj" on node 2 (Build target(s)).
     1>AddCudaCompileDeps:
         C:\Program Files (x86)\Microsoft Visual Studio 11.0\VC\bin\cl.exe /E /nologo /showIncludes /TP /D__CUDACC__ /DWIN32 /D_DEBUG /D_CONSOLE /D_MBCS /I"C:\Program Files\NVIDIA GPU Computing Toolkit\CUDA\v6.0\include" /I"C:\Program Files\NVIDIA GPU Computing Toolkit\CUDA\v6.0\bin" /I"C:\Program Files\NVIDIA GPU Computing Toolkit\CUDA\v6.0\include" /I. /FIcuda_runtime.h /c "C:\Users\Alexander\Google Drive\341\FinalProject_Part2\parallelNoThrust\parallelNoThrust\kernel.cu" 
       CudaBuild:
         Compiling CUDA source file kernel.cu...
         cmd.exe /C "C:\Users\Alexander\AppData\Local\Temp\tmp1be745895ee14a9c818edd92276245ab.cmd"
         "C:\Program Files\NVIDIA GPU Computing Toolkit\CUDA\v6.0\bin\nvcc.exe" -gencode=arch=compute_10,code=\"sm_10,compute_10\" --use-local-env --cl-version 2012 -ccbin "C:\Program Files (x86)\Microsoft Visual Studio 11.0\VC\bin"  -I"C:\Program Files\NVIDIA GPU Computing Toolkit\CUDA\v6.0\include" -I"C:\Program Files\NVIDIA GPU Computing Toolkit\CUDA\v6.0\include"  -G   --keep-dir Debug -maxrregcount=0  --machine 32 --compile -cudart static  -g   -DWIN32 -D_DEBUG -D_CONSOLE -D_MBCS -Xcompiler "/EHsc /W3 /nologo /Od /Zi /RTC1 /MDd  " -o Debug\kernel.cu.obj "C:\Users\Alexander\Google Drive\341\FinalProject_Part2\parallelNoThrust\parallelNoThrust\kernel.cu"
         
         C:\Users\Alexander\Google Drive\341\FinalProject_Part2\parallelNoThrust\parallelNoThrust>"C:\Program Files\NVIDIA GPU Computing Toolkit\CUDA\v6.0\bin\nvcc.exe" -gencode=arch=compute_10,code=\"sm_10,compute_10\" --use-local-env --cl-version 2012 -ccbin "C:\Program Files (x86)\Microsoft Visual Studio 11.0\VC\bin"  -I"C:\Program Files\NVIDIA GPU Computing Toolkit\CUDA\v6.0\include" -I"C:\Program Files\NVIDIA GPU Computing Toolkit\CUDA\v6.0\include"  -G   --keep-dir Debug -maxrregcount=0  --machine 32 --compile -cudart static  -g   -DWIN32 -D_DEBUG -D_CONSOLE -D_MBCS -Xcompiler "/EHsc /W3 /nologo /Od /Zi /RTC1 /MDd  " -o Debug\kernel.cu.obj "C:\Users\Alexander\Google Drive\341\FinalProject_Part2\parallelNoThrust\parallelNoThrust\kernel.cu" 
     1>nvcc : warning : The 'compute_10' and 'sm_10' architectures are deprecated, and may be removed in a future release.
     1>C:/Users/Alexander/Google Drive/341/FinalProject_Part2/parallelNoThrust/parallelNoThrust/kernel.cu(22): warning : variable "k" was declared but never referenced
     1>C:/Users/Alexander/Google Drive/341/FinalProject_Part2/parallelNoThrust/parallelNoThrust/kernel.cu(23): warning : variable "j" was declared but never referenced
     1>C:/Users/Alexander/Google Drive/341/FinalProject_Part2/parallelNoThrust/parallelNoThrust/kernel.cu(65): warning : variable "error" was declared but never referenced
     1>C:/Users/Alexander/Google Drive/341/FinalProject_Part2/parallelNoThrust/parallelNoThrust/kernel.cu(22): warning : variable "k" was declared but never referenced
     1>C:/Users/Alexander/Google Drive/341/FinalProject_Part2/parallelNoThrust/parallelNoThrust/kernel.cu(23): warning : variable "j" was declared but never referenced
     1>C:/Users/Alexander/Google Drive/341/FinalProject_Part2/parallelNoThrust/parallelNoThrust/kernel.cu(65): warning : variable "error" was declared but never referenced
         kernel.cu
     1>C:/Users/Alexander/Google Drive/341/FinalProject_Part2/parallelNoThrust/parallelNoThrust/kernel.cu(65): warning C4101: 'error' : unreferenced local variable
       Link:
         C:\Program Files (x86)\Microsoft Visual Studio 11.0\VC\bin\link.exe /ERRORREPORT:PROMPT /OUT:"C:\Users\Alexander\Google Drive\341\FinalProject_Part2\parallelNoThrust\Debug\parallelNoThrust.exe" /INCREMENTAL /NOLOGO /LIBPATH:"C:\Program Files\NVIDIA GPU Computing Toolkit\CUDA\v6.0\lib\Win32" cudart.lib kernel32.lib user32.lib gdi32.lib winspool.lib comdlg32.lib advapi32.lib shell32.lib ole32.lib oleaut32.lib uuid.lib odbc32.lib odbccp32.lib kernel32.lib user32.lib gdi32.lib winspool.lib comdlg32.lib advapi32.lib shell32.lib ole32.lib oleaut32.lib uuid.lib odbc32.lib odbccp32.lib /MANIFEST /MANIFESTUAC:"level='asInvoker' uiAccess='false'" /manifest:embed /DEBUG /PDB:"C:\Users\Alexander\Google Drive\341\FinalProject_Part2\parallelNoThrust\Debug\parallelNoThrust.pdb" /SUBSYSTEM:CONSOLE /TLBID:1 /DYNAMICBASE /NXCOMPAT /IMPLIB:"C:\Users\Alexander\Google Drive\341\FinalProject_Part2\parallelNoThrust\Debug\parallelNoThrust.lib" /MACHINE:X86 Debug\kernel.cu.obj
         parallelNoThrust.vcxproj -> C:\Users\Alexander\Google Drive\341\FinalProject_Part2\parallelNoThrust\Debug\parallelNoThrust.exe
       PostBuildEvent:
         echo copy "C:\Program Files\NVIDIA GPU Computing Toolkit\CUDA\v6.0\bin\cudart*.dll" "C:\Users\Alexander\Google Drive\341\FinalProject_Part2\parallelNoThrust\Debug\"
         copy "C:\Program Files\NVIDIA GPU Computing Toolkit\CUDA\v6.0\bin\cudart*.dll" "C:\Users\Alexander\Google Drive\341\FinalProject_Part2\parallelNoThrust\Debug\"
         :VCEnd
         copy "C:\Program Files\NVIDIA GPU Computing Toolkit\CUDA\v6.0\bin\cudart*.dll" "C:\Users\Alexander\Google Drive\341\FinalProject_Part2\parallelNoThrust\Debug\"
         C:\Program Files\NVIDIA GPU Computing Toolkit\CUDA\v6.0\bin\cudart32_60.dll
         C:\Program Files\NVIDIA GPU Computing Toolkit\CUDA\v6.0\bin\cudart64_60.dll
                 2 file(s) copied.
     1>Done Building Project "C:\Users\Alexander\Google Drive\341\FinalProject_Part2\parallelNoThrust\parallelNoThrust\parallelNoThrust.vcxproj" (Build target(s)).

Build succeeded.

Time Elapsed 00:00:06.97
